#
# There is insufficient memory for the Java Runtime Environment to continue.
# Native memory allocation (malloc) failed to allocate 947216 bytes for Chunk::new
# Possible reasons:
#   The system is out of physical RAM or swap space
#   The process is running with CompressedOops enabled, and the Java Heap may be blocking the growth of the native heap
# Possible solutions:
#   Reduce memory load on the system
#   Increase physical memory or swap space
#   Check if swap backing store is full
#   Decrease Java heap size (-Xmx/-Xms)
#   Decrease number of Java threads
#   Decrease Java thread stack sizes (-Xss)
#   Set larger code cache with -XX:ReservedCodeCacheSize=
#   JVM is running with Unscaled Compressed Oops mode in which the Java heap is
#     placed in the first 4GB address space. The Java Heap base address is the
#     maximum limit for the native heap growth. Please use -XX:HeapBaseMinAddress
#     to set the Java Heap base and to place the Java Heap above 4GB virtual address.
# This output file may be truncated or incomplete.
#
#  Out of Memory Error (allocation.cpp:389), pid=6756, tid=0x0000000000002bcc
#
# JRE version: OpenJDK Runtime Environment (8.0_242-b01) (build 1.8.0_242-release-1644-b01)
# Java VM: OpenJDK 64-Bit Server VM (25.242-b01 mixed mode windows-amd64 compressed oops)
# Failed to write core dump. Minidumps are not enabled by default on client versions of Windows
#

---------------  T H R E A D  ---------------

Current thread (0x00000000176ce000):  JavaThread "C2 CompilerThread0" daemon [_thread_in_native, id=11212, stack(0x0000000018ff0000,0x00000000190f0000)]

Stack: [0x0000000018ff0000,0x00000000190f0000]
[error occurred during error reporting (printing stack bounds), id 0xc0000005]

Native frames: (J=compiled Java code, j=interpreted, Vv=VM code, C=native code)


Current CompileTask:
C2:1346148 20998       4       org.gradle.cache.internal.DefaultCacheFactory$ReferenceTrackingCache::useCache (14 bytes)


---------------  P R O C E S S  ---------------

Java Threads: ( => current thread )
  0x000000001f3c8800 JavaThread "Cache worker for Build Output Cleanup Cache (E:\Android Studio Project\Electiver-master\.gradle\buildOutputCleanup)" [_thread_blocked, id=18248, stack(0x0000000027840000,0x0000000027940000)]
  0x000000001f3c1000 JavaThread "jar transforms Thread 460" [_thread_blocked, id=8420, stack(0x0000000027740000,0x0000000027840000)]
  0x000000001f3c5000 JavaThread "jar transforms Thread 459" [_thread_blocked, id=19192, stack(0x0000000027640000,0x0000000027740000)]
  0x000000001f3c6800 JavaThread "jar transforms Thread 458" [_thread_blocked, id=2248, stack(0x0000000027540000,0x0000000027640000)]
  0x000000001f3c3800 JavaThread "jar transforms Thread 457" [_thread_blocked, id=13852, stack(0x0000000027440000,0x0000000027540000)]
  0x000000001f3c5800 JavaThread "jar transforms Thread 456" [_thread_blocked, id=18868, stack(0x0000000027340000,0x0000000027440000)]
  0x000000001f3c2800 JavaThread "jar transforms Thread 455" [_thread_blocked, id=17712, stack(0x0000000027240000,0x0000000027340000)]
  0x000000001f3c8000 JavaThread "jar transforms Thread 454" [_thread_blocked, id=12656, stack(0x0000000027140000,0x0000000027240000)]
  0x000000001f3c7000 JavaThread "jar transforms Thread 453" [_thread_blocked, id=15420, stack(0x0000000027040000,0x0000000027140000)]
  0x000000001f3c4000 JavaThread "jar transforms Thread 452" [_thread_blocked, id=20452, stack(0x0000000026f40000,0x0000000027040000)]
  0x000000001f3c2000 JavaThread "jar transforms Thread 451" [_thread_blocked, id=5352, stack(0x0000000026e40000,0x0000000026f40000)]
  0x000000001b116000 JavaThread "jar transforms Thread 450" [_thread_blocked, id=17344, stack(0x0000000026d40000,0x0000000026e40000)]
  0x000000001b117000 JavaThread "jar transforms Thread 449" [_thread_blocked, id=19120, stack(0x0000000026c40000,0x0000000026d40000)]
  0x000000001b114000 JavaThread "jar transforms Thread 448" [_thread_blocked, id=3316, stack(0x0000000026b40000,0x0000000026c40000)]
  0x000000001b111800 JavaThread "jar transforms Thread 447" [_thread_blocked, id=4540, stack(0x0000000026a40000,0x0000000026b40000)]
  0x000000001b117800 JavaThread "jar transforms Thread 446" [_thread_blocked, id=19312, stack(0x0000000026940000,0x0000000026a40000)]
  0x000000001eacb000 JavaThread "jar transforms Thread 445" [_thread_blocked, id=18012, stack(0x0000000026840000,0x0000000026940000)]
  0x000000001eacb800 JavaThread "jar transforms Thread 444" [_thread_blocked, id=2540, stack(0x0000000026740000,0x0000000026840000)]
  0x000000001eaca000 JavaThread "jar transforms Thread 443" [_thread_blocked, id=11512, stack(0x0000000026640000,0x0000000026740000)]
  0x000000001eacd000 JavaThread "jar transforms Thread 442" [_thread_blocked, id=17496, stack(0x0000000026540000,0x0000000026640000)]
  0x000000001eacc800 JavaThread "jar transforms Thread 441" [_thread_blocked, id=8748, stack(0x0000000026440000,0x0000000026540000)]
  0x000000001eac2800 JavaThread "jar transforms Thread 440" [_thread_blocked, id=18368, stack(0x0000000026340000,0x0000000026440000)]
  0x000000001eac9800 JavaThread "jar transforms Thread 439" [_thread_blocked, id=14092, stack(0x0000000026240000,0x0000000026340000)]
  0x000000001eac2000 JavaThread "jar transforms Thread 438" [_thread_blocked, id=20224, stack(0x0000000026140000,0x0000000026240000)]
  0x000000001eac8800 JavaThread "jar transforms Thread 437" [_thread_blocked, id=9388, stack(0x0000000026040000,0x0000000026140000)]
  0x000000001eac1000 JavaThread "jar transforms Thread 436" [_thread_blocked, id=12080, stack(0x0000000025f40000,0x0000000026040000)]
  0x000000001eac8000 JavaThread "jar transforms Thread 435" [_thread_blocked, id=11468, stack(0x0000000025e40000,0x0000000025f40000)]
  0x000000001eac6800 JavaThread "jar transforms Thread 434" [_thread_blocked, id=10212, stack(0x0000000025d40000,0x0000000025e40000)]
  0x000000001eac0800 JavaThread "jar transforms Thread 433" [_thread_blocked, id=7148, stack(0x0000000025c40000,0x0000000025d40000)]
  0x000000001eac5800 JavaThread "jar transforms Thread 432" [_thread_blocked, id=6956, stack(0x0000000025b40000,0x0000000025c40000)]
  0x000000001eac4000 JavaThread "jar transforms Thread 431" [_thread_blocked, id=12676, stack(0x0000000025a40000,0x0000000025b40000)]
  0x000000001eabf800 JavaThread "jar transforms Thread 430" [_thread_blocked, id=16852, stack(0x0000000025940000,0x0000000025a40000)]
  0x000000001eac3800 JavaThread "jar transforms Thread 429" [_thread_blocked, id=20076, stack(0x0000000025840000,0x0000000025940000)]
  0x000000001a171800 JavaThread "jar transforms Thread 428" [_thread_blocked, id=18996, stack(0x0000000025740000,0x0000000025840000)]
  0x000000001a171000 JavaThread "jar transforms Thread 427" [_thread_blocked, id=19968, stack(0x0000000025640000,0x0000000025740000)]
  0x000000001a170000 JavaThread "jar transforms Thread 426" [_thread_blocked, id=13552, stack(0x0000000025540000,0x0000000025640000)]
  0x000000001a175800 JavaThread "jar transforms Thread 425" [_thread_blocked, id=11216, stack(0x0000000025440000,0x0000000025540000)]
  0x000000001a172800 JavaThread "jar transforms Thread 424" [_thread_blocked, id=4928, stack(0x0000000025340000,0x0000000025440000)]
  0x000000001a174000 JavaThread "jar transforms Thread 423" [_thread_blocked, id=1320, stack(0x0000000025240000,0x0000000025340000)]
  0x000000001a174800 JavaThread "jar transforms Thread 422" [_thread_blocked, id=16552, stack(0x0000000025140000,0x0000000025240000)]
  0x000000001a173000 JavaThread "jar transforms Thread 421" [_thread_blocked, id=17644, stack(0x0000000025040000,0x0000000025140000)]
  0x000000001a168800 JavaThread "jar transforms Thread 420" [_thread_blocked, id=6632, stack(0x0000000024f40000,0x0000000025040000)]
  0x000000001a16f800 JavaThread "jar transforms Thread 419" [_thread_blocked, id=12328, stack(0x0000000024e40000,0x0000000024f40000)]
  0x000000001a168000 JavaThread "jar transforms Thread 418" [_thread_blocked, id=4484, stack(0x0000000024d40000,0x0000000024e40000)]
  0x000000001a16e800 JavaThread "jar transforms Thread 417" [_thread_blocked, id=13340, stack(0x0000000024c40000,0x0000000024d40000)]
  0x000000001a16e000 JavaThread "jar transforms Thread 416" [_thread_blocked, id=18104, stack(0x0000000024b40000,0x0000000024c40000)]
  0x000000001a166800 JavaThread "jar transforms Thread 415" [_thread_blocked, id=5380, stack(0x0000000024a40000,0x0000000024b40000)]
  0x000000001a16c800 JavaThread "jar transforms Thread 414" [_thread_blocked, id=10304, stack(0x0000000024940000,0x0000000024a40000)]
  0x000000001a16b800 JavaThread "jar transforms Thread 413" [_thread_blocked, id=16680, stack(0x0000000024840000,0x0000000024940000)]
  0x000000001a16a000 JavaThread "jar transforms Thread 412" [_thread_blocked, id=6176, stack(0x0000000024740000,0x0000000024840000)]
  0x000000001959d800 JavaThread "jar transforms Thread 411" [_thread_blocked, id=8132, stack(0x0000000024640000,0x0000000024740000)]
  0x000000001959c800 JavaThread "jar transforms Thread 410" [_thread_blocked, id=18076, stack(0x0000000024540000,0x0000000024640000)]
  0x000000001959c000 JavaThread "jar transforms Thread 409" [_thread_blocked, id=15948, stack(0x0000000024440000,0x0000000024540000)]
  0x000000001959f000 JavaThread "jar transforms Thread 408" [_thread_blocked, id=20156, stack(0x0000000024340000,0x0000000024440000)]
  0x000000001959e000 JavaThread "jar transforms Thread 407" [_thread_blocked, id=6064, stack(0x0000000024240000,0x0000000024340000)]
  0x0000000019594800 JavaThread "jar transforms Thread 406" [_thread_blocked, id=10756, stack(0x0000000024140000,0x0000000024240000)]
  0x0000000019593800 JavaThread "jar transforms Thread 405" [_thread_blocked, id=11932, stack(0x0000000024040000,0x0000000024140000)]
  0x000000001959a800 JavaThread "jar transforms Thread 404" [_thread_blocked, id=4004, stack(0x0000000023f40000,0x0000000024040000)]
  0x0000000019598000 JavaThread "jar transforms Thread 403" [_thread_blocked, id=14476, stack(0x0000000023e40000,0x0000000023f40000)]
  0x0000000019597800 JavaThread "jar transforms Thread 402" [_thread_blocked, id=17848, stack(0x0000000023d40000,0x0000000023e40000)]
  0x0000000019599800 JavaThread "jar transforms Thread 401" [_thread_blocked, id=17888, stack(0x0000000023c40000,0x0000000023d40000)]
  0x0000000019590000 JavaThread "jar transforms Thread 400" [_thread_blocked, id=19628, stack(0x0000000023b40000,0x0000000023c40000)]
  0x0000000019595000 JavaThread "jar transforms Thread 399" [_thread_blocked, id=20284, stack(0x0000000023a40000,0x0000000023b40000)]
  0x0000000019593000 JavaThread "jar transforms Thread 398" [_thread_blocked, id=15408, stack(0x0000000023940000,0x0000000023a40000)]
  0x0000000019591800 JavaThread "jar transforms Thread 397" [_thread_blocked, id=17724, stack(0x0000000023840000,0x0000000023940000)]
  0x0000000019592000 JavaThread "jar transforms Thread 396" [_thread_blocked, id=8664, stack(0x0000000023740000,0x0000000023840000)]
  0x0000000019596800 JavaThread "jar transforms Thread 395" [_thread_blocked, id=6016, stack(0x0000000023640000,0x0000000023740000)]
  0x0000000019596000 JavaThread "jar transforms Thread 394" [_thread_blocked, id=6544, stack(0x0000000023540000,0x0000000023640000)]
  0x0000000019590800 JavaThread "jar transforms Thread 393" [_thread_blocked, id=6484, stack(0x0000000023440000,0x0000000023540000)]
  0x0000000018c00800 JavaThread "jar transforms Thread 392" [_thread_blocked, id=20068, stack(0x0000000023340000,0x0000000023440000)]
  0x0000000018bfe000 JavaThread "jar transforms Thread 391" [_thread_blocked, id=19052, stack(0x0000000023240000,0x0000000023340000)]
  0x0000000018c00000 JavaThread "jar transforms Thread 390" [_thread_blocked, id=16052, stack(0x0000000023140000,0x0000000023240000)]
  0x0000000018bff000 JavaThread "jar transforms Thread 389" [_thread_blocked, id=20328, stack(0x0000000023040000,0x0000000023140000)]
  0x0000000018bfc800 JavaThread "jar transforms Thread 388" [_thread_blocked, id=14900, stack(0x0000000022f40000,0x0000000023040000)]
  0x0000000018bfc000 JavaThread "jar transforms Thread 387" [_thread_blocked, id=16056, stack(0x0000000022e40000,0x0000000022f40000)]
  0x0000000018bfb000 JavaThread "jar transforms Thread 386" [_thread_blocked, id=12488, stack(0x0000000022d40000,0x0000000022e40000)]
  0x0000000018bfa800 JavaThread "jar transforms Thread 385" [_thread_blocked, id=7016, stack(0x0000000022c40000,0x0000000022d40000)]
  0x0000000018bf3000 JavaThread "jar transforms Thread 384" [_thread_blocked, id=19000, stack(0x0000000022b40000,0x0000000022c40000)]
  0x0000000018bf9800 JavaThread "jar transforms Thread 383" [_thread_blocked, id=13588, stack(0x0000000022940000,0x0000000022a40000)]
  0x0000000018bf2000 JavaThread "jar transforms Thread 382" [_thread_blocked, id=12748, stack(0x0000000022840000,0x0000000022940000)]
  0x0000000018bf9000 JavaThread "jar transforms Thread 381" [_thread_blocked, id=14584, stack(0x0000000022740000,0x0000000022840000)]
  0x0000000018bf8000 JavaThread "jar transforms Thread 380" [_thread_blocked, id=9972, stack(0x0000000022640000,0x0000000022740000)]
  0x0000000018bf7800 JavaThread "jar transforms Thread 379" [_thread_blocked, id=9628, stack(0x0000000022540000,0x0000000022640000)]
  0x0000000018bf6800 JavaThread "jar transforms Thread 378" [_thread_blocked, id=6872, stack(0x0000000022440000,0x0000000022540000)]
  0x0000000018bf6000 JavaThread "jar transforms Thread 377" [_thread_blocked, id=4848, stack(0x0000000022340000,0x0000000022440000)]
  0x0000000018bf1800 JavaThread "jar transforms Thread 376" [_thread_blocked, id=9080, stack(0x0000000022240000,0x0000000022340000)]
  0x0000000018bf5000 JavaThread "jar transforms Thread 375" [_thread_blocked, id=11984, stack(0x0000000022140000,0x0000000022240000)]
  0x0000000018bf3800 JavaThread "jar transforms Thread 374" [_thread_blocked, id=18340, stack(0x0000000022040000,0x0000000022140000)]
  0x000000002dddb800 JavaThread "jar transforms Thread 373" [_thread_blocked, id=11040, stack(0x0000000021f40000,0x0000000022040000)]
  0x000000002ddda000 JavaThread "jar transforms Thread 372" [_thread_blocked, id=20080, stack(0x0000000021e40000,0x0000000021f40000)]
  0x000000002dddb000 JavaThread "jar transforms Thread 371" [_thread_blocked, id=880, stack(0x0000000021d40000,0x0000000021e40000)]
  0x000000002dde1000 JavaThread "jar transforms Thread 370" [_thread_blocked, id=6152, stack(0x0000000021c40000,0x0000000021d40000)]
  0x000000002dddf800 JavaThread "jar transforms Thread 369" [_thread_blocked, id=2024, stack(0x0000000021b40000,0x0000000021c40000)]
  0x000000002ddde800 JavaThread "Build operations Thread 4" [_thread_blocked, id=12276, stack(0x0000000021340000,0x0000000021440000)]
  0x000000002dddc800 JavaThread "Build operations Thread 3" [_thread_blocked, id=2260, stack(0x0000000020b40000,0x0000000020c40000)]
  0x000000002dddd000 JavaThread "Build operations Thread 2" [_thread_blocked, id=8164, stack(0x0000000020a40000,0x0000000020b40000)]
  0x000000002ddd9800 JavaThread "Build operations" [_thread_blocked, id=8580, stack(0x000000001f6e0000,0x000000001f7e0000)]
  0x000000002dde0000 JavaThread "Cache worker for cache directory md-rule (C:\Users\levon\.gradle\caches\6.5\md-rule)" [_thread_blocked, id=11356, stack(0x000000001f5e0000,0x000000001f6e0000)]
  0x000000002ddde000 JavaThread "Cache worker for cache directory md-supplier (C:\Users\levon\.gradle\caches\6.5\md-supplier)" [_thread_blocked, id=14028, stack(0x000000001cc40000,0x000000001cd40000)]
  0x000000002ddd2000 JavaThread "Cache worker for checksums cache (E:\Android Studio Project\Electiver-master\.gradle\checksums)" [_thread_blocked, id=9572, stack(0x000000001c940000,0x000000001ca40000)]
  0x000000002ddd8800 JavaThread "Cache worker for file hash cache (E:\Android Studio Project\Electiver-master\.gradle\6.5\fileHashes)" [_thread_blocked, id=19224, stack(0x000000001c840000,0x000000001c940000)]
  0x000000002ddd6800 JavaThread "Thread-546" [_thread_blocked, id=9176, stack(0x000000001c740000,0x000000001c840000)]
  0x000000002ddd5800 JavaThread "Stdin handler" [_thread_blocked, id=3528, stack(0x000000001c640000,0x000000001c740000)]
  0x000000002ddd5000 JavaThread "Asynchronous log dispatcher for DefaultDaemonConnection: socket connection from /127.0.0.1:63834 to /127.0.0.1:52486" [_thread_blocked, id=7552, stack(0x000000001c090000,0x000000001c190000)]
  0x000000002ddd8000 JavaThread "Daemon worker Thread 5" [_thread_in_Java, id=15480, stack(0x000000001bf90000,0x000000001c090000)]
  0x000000002ddd4000 JavaThread "Cancel handler" [_thread_blocked, id=12868, stack(0x0000000002750000,0x0000000002850000)]
  0x000000002ddd3800 JavaThread "Handler for socket connection from /127.0.0.1:63834 to /127.0.0.1:52486" [_thread_in_native, id=13780, stack(0x00000000009f0000,0x0000000000af0000)]
  0x000000002ddd2800 JavaThread "Daemon Thread 5" [_thread_blocked, id=16204, stack(0x00000000008f0000,0x00000000009f0000)]
  0x000000001eac5000 JavaThread "Cache worker for Java compile cache (C:\Users\levon\.gradle\caches\6.5\javaCompile)" [_thread_blocked, id=14756, stack(0x000000002b240000,0x000000002b340000)]
  0x0000000018bfd800 JavaThread "Memory manager" [_thread_blocked, id=14548, stack(0x0000000028d20000,0x0000000028e20000)]
  0x000000001b112800 JavaThread "Cache worker for file content cache (C:\Users\levon\.gradle\caches\6.5\fileContent)" [_thread_blocked, id=17348, stack(0x0000000021440000,0x0000000021540000)]
  0x000000001b111000 JavaThread "Cache worker for execution history cache (C:\Users\levon\.gradle\caches\6.5\executionHistory)" [_thread_blocked, id=3808, stack(0x0000000020c40000,0x0000000020d40000)]
  0x000000001b115800 JavaThread "Cache worker for file hash cache (C:\Users\levon\.gradle\caches\6.5\fileHashes)" [_thread_blocked, id=19900, stack(0x000000001d140000,0x000000001d240000)]
  0x000000001b114800 JavaThread "File lock request listener" [_thread_in_native, id=19332, stack(0x000000001d040000,0x000000001d140000)]
  0x000000001b109800 JavaThread "Cache worker for journal cache (C:\Users\levon\.gradle\caches\journal-1)" [_thread_blocked, id=19460, stack(0x000000001cf40000,0x000000001d040000)]
  0x000000001aeb9800 JavaThread "Daemon periodic checks" [_thread_blocked, id=10332, stack(0x000000001c340000,0x000000001c440000)]
  0x000000001ae94800 JavaThread "Incoming local TCP Connector on port 63834" [_thread_in_native, id=15148, stack(0x000000001c190000,0x000000001c290000)]
  0x0000000018b56000 JavaThread "Daemon health stats" [_thread_blocked, id=17964, stack(0x000000001be90000,0x000000001bf90000)]
  0x0000000018a84000 JavaThread "Service Thread" daemon [_thread_blocked, id=10128, stack(0x00000000192f0000,0x00000000193f0000)]
  0x0000000018a03000 JavaThread "C1 CompilerThread2" daemon [_thread_in_vm, id=16696, stack(0x00000000191f0000,0x00000000192f0000)]
  0x000000001767e800 JavaThread "C2 CompilerThread1" daemon [_thread_in_native, id=15132, stack(0x00000000190f0000,0x00000000191f0000)]
=>0x00000000176ce000 JavaThread "C2 CompilerThread0" daemon [_thread_in_native, id=11212, stack(0x0000000018ff0000,0x00000000190f0000)]
  0x00000000176cc800 JavaThread "Attach Listener" daemon [_thread_blocked, id=304, stack(0x0000000018ef0000,0x0000000018ff0000)]
  0x0000000018a00800 JavaThread "Signal Dispatcher" daemon [_thread_blocked, id=19416, stack(0x0000000018df0000,0x0000000018ef0000)]
  0x0000000002a4a000 JavaThread "Finalizer" daemon [_thread_blocked, id=8220, stack(0x00000000188f0000,0x00000000189f0000)]
  0x0000000002a41000 JavaThread "Reference Handler" daemon [_thread_blocked, id=5932, stack(0x00000000187f0000,0x00000000188f0000)]
  0x000000000234e000 JavaThread "main" [_thread_blocked, id=17796, stack(0x0000000002850000,0x0000000002950000)]

Other Threads:
  0x0000000017636800 VMThread [stack: 0x00000000186f0000,0x00000000187f0000] [id=13688]
  0x0000000018a85000 WatcherThread [stack: 0x00000000193f0000,0x00000000194f0000] [id=16556]

VM state:not at safepoint (normal execution)

VM Mutex/Monitor currently owned by a thread: None

heap address: 0x0000000080000000, size: 2048 MB, Compressed Oops mode: 32-bit
Narrow klass base: 0x0000000000000000, Narrow klass shift: 3
Compressed class space size: 1073741824 Address: 0x0000000100000000

Heap:
 PSYoungGen      total 422912K, used 344299K [0x00000000d5580000, 0x00000000f7600000, 0x0000000100000000)
  eden space 332288K, 98% used [0x00000000d5580000,0x00000000e9509bb8,0x00000000e9a00000)
  from space 90624K, 18% used [0x00000000e9a00000,0x00000000eaab1138,0x00000000ef280000)
  to   space 87040K, 0% used [0x00000000f2100000,0x00000000f2100000,0x00000000f7600000)
 ParOldGen       total 252416K, used 86428K [0x0000000080000000, 0x000000008f680000, 0x00000000d5580000)
  object space 252416K, 34% used [0x0000000080000000,0x0000000085467010,0x000000008f680000)
 Metaspace       used 95762K, capacity 101102K, committed 101464K, reserved 1136640K
  class space    used 12394K, capacity 13323K, committed 13440K, reserved 1048576K

Card table byte_map: [0x0000000011e10000,0x0000000012220000] byte_map_base: 0x0000000011a10000

Marking Bits: (ParMarkBitMap*) 0x000000006d34f030
 Begin Bits: [0x00000000128d0000, 0x00000000148d0000)
 End Bits:   [0x00000000148d0000, 0x00000000168d0000)

Polling page: 0x00000000022e0000

CodeCache: size=245760Kb used=58723Kb max_used=58723Kb free=187036Kb
 bounds [0x0000000002a50000, 0x0000000006400000, 0x0000000011a50000]
 total_blobs=17469 nmethods=16588 adapters=791
 compilation: enabled

Compilation events (10 events):
Event: 1346.141 Thread 0x0000000018a03000 21017       3       com.android.build.gradle.internal.dependency.SourceSetManager::getConfigDesc (31 bytes)
Event: 1346.141 Thread 0x0000000018a03000 nmethod 21017 0x000000000346a310 code [0x000000000346a500, 0x000000000346ae48]
Event: 1346.143 Thread 0x0000000018a03000 21018       3       com.google.common.collect.ImmutableList::of (9 bytes)
Event: 1346.143 Thread 0x0000000018a03000 nmethod 21018 0x0000000003ea8090 code [0x0000000003ea8240, 0x0000000003ea8708]
Event: 1346.143 Thread 0x0000000018a03000 21019       3       com.google.common.collect.SingletonImmutableList::<init> (13 bytes)
Event: 1346.143 Thread 0x0000000018a03000 nmethod 21019 0x0000000003de5810 code [0x0000000003de59a0, 0x0000000003de5de8]
Event: 1346.143 Thread 0x0000000018a03000 21020       3       com.android.build.gradle.internal.services.BaseServicesImpl::getDeprecationReporter (8 bytes)
Event: 1346.144 Thread 0x0000000018a03000 nmethod 21020 0x0000000003088210 code [0x0000000003088360, 0x0000000003088550]
Event: 1346.145 Thread 0x0000000018a03000 21021       3       com.android.build.gradle.internal.dependency.RenamedConfigurationAction::<init> (51 bytes)
Event: 1346.145 Thread 0x0000000018a03000 nmethod 21021 0x0000000002ead0d0 code [0x0000000002ead2a0, 0x0000000002ead818]

GC Heap History (10 events):
Event: 645.868 GC heap before
{Heap before GC invocations=25 (full 4):
 PSYoungGen      total 311808K, used 259373K [0x00000000d5580000, 0x00000000eca00000, 0x0000000100000000)
  eden space 245248K, 100% used [0x00000000d5580000,0x00000000e4500000,0x00000000e4500000)
  from space 66560K, 21% used [0x00000000e8900000,0x00000000e96cb618,0x00000000eca00000)
  to   space 68096K, 0% used [0x00000000e4500000,0x00000000e4500000,0x00000000e8780000)
 ParOldGen       total 252416K, used 76480K [0x0000000080000000, 0x000000008f680000, 0x00000000d5580000)
  object space 252416K, 30% used [0x0000000080000000,0x0000000084ab0350,0x000000008f680000)
 Metaspace       used 92488K, capacity 96970K, committed 97624K, reserved 1134592K
  class space    used 12125K, capacity 12971K, committed 13184K, reserved 1048576K
Event: 646.064 GC heap after
Heap after GC invocations=25 (full 4):
 PSYoungGen      total 313344K, used 68064K [0x00000000d5580000, 0x00000000f1980000, 0x0000000100000000)
  eden space 245248K, 0% used [0x00000000d5580000,0x00000000d5580000,0x00000000e4500000)
  from space 68096K, 99% used [0x00000000e4500000,0x00000000e8778368,0x00000000e8780000)
  to   space 80896K, 0% used [0x00000000eca80000,0x00000000eca80000,0x00000000f1980000)
 ParOldGen       total 252416K, used 79723K [0x0000000080000000, 0x000000008f680000, 0x00000000d5580000)
  object space 252416K, 31% used [0x0000000080000000,0x0000000084ddaca0,0x000000008f680000)
 Metaspace       used 92488K, capacity 96970K, committed 97624K, reserved 1134592K
  class space    used 12125K, capacity 12971K, committed 13184K, reserved 1048576K
}
Event: 731.044 GC heap before
{Heap before GC invocations=26 (full 4):
 PSYoungGen      total 313344K, used 313312K [0x00000000d5580000, 0x00000000f1980000, 0x0000000100000000)
  eden space 245248K, 100% used [0x00000000d5580000,0x00000000e4500000,0x00000000e4500000)
  from space 68096K, 99% used [0x00000000e4500000,0x00000000e8778368,0x00000000e8780000)
  to   space 80896K, 0% used [0x00000000eca80000,0x00000000eca80000,0x00000000f1980000)
 ParOldGen       total 252416K, used 79723K [0x0000000080000000, 0x000000008f680000, 0x00000000d5580000)
  object space 252416K, 31% used [0x0000000080000000,0x0000000084ddaca0,0x000000008f680000)
 Metaspace       used 92650K, capacity 97094K, committed 97880K, reserved 1134592K
  class space    used 12133K, capacity 12979K, committed 13184K, reserved 1048576K
Event: 731.069 GC heap after
Heap after GC invocations=26 (full 4):
 PSYoungGen      total 364544K, used 11013K [0x00000000d5580000, 0x00000000f0f00000, 0x0000000100000000)
  eden space 294400K, 0% used [0x00000000d5580000,0x00000000d5580000,0x00000000e7500000)
  from space 70144K, 15% used [0x00000000eca80000,0x00000000ed541768,0x00000000f0f00000)
  to   space 78848K, 0% used [0x00000000e7500000,0x00000000e7500000,0x00000000ec200000)
 ParOldGen       total 252416K, used 83765K [0x0000000080000000, 0x000000008f680000, 0x00000000d5580000)
  object space 252416K, 33% used [0x0000000080000000,0x00000000851cd6f0,0x000000008f680000)
 Metaspace       used 92650K, capacity 97094K, committed 97880K, reserved 1134592K
  class space    used 12133K, capacity 12979K, committed 13184K, reserved 1048576K
}
Event: 1230.379 GC heap before
{Heap before GC invocations=27 (full 4):
 PSYoungGen      total 364544K, used 305413K [0x00000000d5580000, 0x00000000f0f00000, 0x0000000100000000)
  eden space 294400K, 100% used [0x00000000d5580000,0x00000000e7500000,0x00000000e7500000)
  from space 70144K, 15% used [0x00000000eca80000,0x00000000ed541768,0x00000000f0f00000)
  to   space 78848K, 0% used [0x00000000e7500000,0x00000000e7500000,0x00000000ec200000)
 ParOldGen       total 252416K, used 83765K [0x0000000080000000, 0x000000008f680000, 0x00000000d5580000)
  object space 252416K, 33% used [0x0000000080000000,0x00000000851cd6f0,0x000000008f680000)
 Metaspace       used 93591K, capacity 98456K, committed 98904K, reserved 1134592K
  class space    used 12179K, capacity 13060K, committed 13184K, reserved 1048576K
Event: 1230.405 GC heap after
Heap after GC invocations=27 (full 4):
 PSYoungGen      total 373248K, used 2928K [0x00000000d5580000, 0x00000000f3f00000, 0x0000000100000000)
  eden space 294400K, 0% used [0x00000000d5580000,0x00000000d5580000,0x00000000e7500000)
  from space 78848K, 3% used [0x00000000e7500000,0x00000000e77dc020,0x00000000ec200000)
  to   space 78336K, 0% used [0x00000000ef280000,0x00000000ef280000,0x00000000f3f00000)
 ParOldGen       total 252416K, used 85925K [0x0000000080000000, 0x000000008f680000, 0x00000000d5580000)
  object space 252416K, 34% used [0x0000000080000000,0x00000000853e9700,0x000000008f680000)
 Metaspace       used 93591K, capacity 98456K, committed 98904K, reserved 1134592K
  class space    used 12179K, capacity 13060K, committed 13184K, reserved 1048576K
}
Event: 1233.603 GC heap before
{Heap before GC invocations=28 (full 4):
 PSYoungGen      total 373248K, used 297018K [0x00000000d5580000, 0x00000000f3f00000, 0x0000000100000000)
  eden space 294400K, 99% used [0x00000000d5580000,0x00000000e74b2850,0x00000000e7500000)
  from space 78848K, 3% used [0x00000000e7500000,0x00000000e77dc020,0x00000000ec200000)
  to   space 78336K, 0% used [0x00000000ef280000,0x00000000ef280000,0x00000000f3f00000)
 ParOldGen       total 252416K, used 85925K [0x0000000080000000, 0x000000008f680000, 0x00000000d5580000)
  object space 252416K, 34% used [0x0000000080000000,0x00000000853e9700,0x000000008f680000)
 Metaspace       used 93847K, capacity 98650K, committed 98904K, reserved 1134592K
  class space    used 12194K, capacity 13081K, committed 13184K, reserved 1048576K
Event: 1233.879 GC heap after
Heap after GC invocations=28 (full 4):
 PSYoungGen      total 410624K, used 73501K [0x00000000d5580000, 0x00000000f6900000, 0x0000000100000000)
  eden space 332288K, 0% used [0x00000000d5580000,0x00000000d5580000,0x00000000e9a00000)
  from space 78336K, 93% used [0x00000000ef280000,0x00000000f3a475f8,0x00000000f3f00000)
  to   space 90624K, 0% used [0x00000000e9a00000,0x00000000e9a00000,0x00000000ef280000)
 ParOldGen       total 252416K, used 85933K [0x0000000080000000, 0x000000008f680000, 0x00000000d5580000)
  object space 252416K, 34% used [0x0000000080000000,0x00000000853eb700,0x000000008f680000)
 Metaspace       used 93847K, capacity 98650K, committed 98904K, reserved 1134592K
  class space    used 12194K, capacity 13081K, committed 13184K, reserved 1048576K
}
Event: 1264.913 GC heap before
{Heap before GC invocations=29 (full 4):
 PSYoungGen      total 410624K, used 405789K [0x00000000d5580000, 0x00000000f6900000, 0x0000000100000000)
  eden space 332288K, 100% used [0x00000000d5580000,0x00000000e9a00000,0x00000000e9a00000)
  from space 78336K, 93% used [0x00000000ef280000,0x00000000f3a475f8,0x00000000f3f00000)
  to   space 90624K, 0% used [0x00000000e9a00000,0x00000000e9a00000,0x00000000ef280000)
 ParOldGen       total 252416K, used 85933K [0x0000000080000000, 0x000000008f680000, 0x00000000d5580000)
  object space 252416K, 34% used [0x0000000080000000,0x00000000853eb700,0x000000008f680000)
 Metaspace       used 94995K, capacity 100064K, committed 100312K, reserved 1136640K
  class space    used 12329K, capacity 13252K, committed 13312K, reserved 1048576K
Event: 1264.950 GC heap after
Heap after GC invocations=29 (full 4):
 PSYoungGen      total 422912K, used 17092K [0x00000000d5580000, 0x00000000f7600000, 0x0000000100000000)
  eden space 332288K, 0% used [0x00000000d5580000,0x00000000d5580000,0x00000000e9a00000)
  from space 90624K, 18% used [0x00000000e9a00000,0x00000000eaab1138,0x00000000ef280000)
  to   space 87040K, 0% used [0x00000000f2100000,0x00000000f2100000,0x00000000f7600000)
 ParOldGen       total 252416K, used 86428K [0x0000000080000000, 0x000000008f680000, 0x00000000d5580000)
  object space 252416K, 34% used [0x0000000080000000,0x0000000085467010,0x000000008f680000)
 Metaspace       used 94995K, capacity 100064K, committed 100312K, reserved 1136640K
  class space    used 12329K, capacity 13252K, committed 13312K, reserved 1048576K
}

Deoptimization events (10 events):
Event: 1270.678 Thread 0x000000001f3d0000 Uncommon trap: reason=array_check action=maybe_recompile pc=0x0000000002fbf50c method=java.util.ComparableTimSort.reverseRange([Ljava/lang/Object;II)V @ 27
Event: 1270.796 Thread 0x000000001f3d0000 Uncommon trap: reason=bimorphic action=maybe_recompile pc=0x000000000620a0c0 method=com.sun.org.apache.xerces.internal.dom.ElementImpl.getNodeName()Ljava/lang/String; @ 8
Event: 1270.836 Thread 0x000000001f3d0000 Uncommon trap: reason=bimorphic action=maybe_recompile pc=0x000000000557e4e8 method=java.io.Writer.append(Ljava/lang/CharSequence;)Ljava/io/Writer; @ 20
Event: 1270.910 Thread 0x000000001f3d0000 Uncommon trap: reason=array_check action=maybe_recompile pc=0x0000000002fbf50c method=java.util.ComparableTimSort.reverseRange([Ljava/lang/Object;II)V @ 27
Event: 1270.972 Thread 0x000000002ddd5000 Uncommon trap: reason=class_check action=maybe_recompile pc=0x00000000034dee80 method=com.sun.org.apache.xerces.internal.dom.ElementImpl.getTagName()Ljava/lang/String; @ 8
Event: 1270.979 Thread 0x000000001b109800 Uncommon trap: reason=unstable_if action=reinterpret pc=0x0000000004725d8c method=java.util.concurrent.locks.AbstractQueuedSynchronizer.findNodeFromTail(Ljava/util/concurrent/locks/AbstractQueuedSynchronizer$Node;)Z @ 7
Event: 1271.227 Thread 0x000000001b109800 Uncommon trap: reason=unstable_if action=reinterpret pc=0x0000000003c1ad04 method=java.util.concurrent.locks.AbstractQueuedSynchronizer.findNodeFromTail(Ljava/util/concurrent/locks/AbstractQueuedSynchronizer$Node;)Z @ 7
Event: 1271.300 Thread 0x000000002ddd5000 Uncommon trap: reason=class_check action=maybe_recompile pc=0x00000000034dee80 method=com.sun.org.apache.xerces.internal.dom.ElementImpl.getTagName()Ljava/lang/String; @ 8
Event: 1271.397 Thread 0x000000001f3d0000 Uncommon trap: reason=unstable_if action=reinterpret pc=0x0000000004cc2f70 method=org.gradle.internal.snapshot.impl.AbstractScalarValueSnapshot.equals(Ljava/lang/Object;)Z @ 19
Event: 1272.559 Thread 0x000000001f3d0000 Uncommon trap: reason=unstable_if action=reinterpret pc=0x0000000004893f30 method=org.gradle.internal.snapshot.impl.AbstractScalarValueSnapshot.equals(Ljava/lang/Object;)Z @ 19

Classes redefined (0 events):
No events

Internal exceptions (10 events):
Event: 1272.404 Thread 0x000000002ddd2800 Exception <a 'sun/nio/fs/WindowsException'> (0x00000000e484df98) thrown at [C:\src\AOSP-openjdk-git\hotspot\src\share\vm\prims\jni.cpp, line 710]
Event: 1272.404 Thread 0x000000002ddd2800 Exception <a 'sun/nio/fs/WindowsException'> (0x00000000e484e440) thrown at [C:\src\AOSP-openjdk-git\hotspot\src\share\vm\prims\jni.cpp, line 710]
Event: 1272.519 Thread 0x000000001f3cf800 Exception <a 'sun/nio/fs/WindowsException'> (0x00000000e64be310) thrown at [C:\src\AOSP-openjdk-git\hotspot\src\share\vm\prims\jni.cpp, line 710]
Event: 1272.519 Thread 0x000000001f3cf800 Exception <a 'sun/nio/fs/WindowsException'> (0x00000000e64bf000) thrown at [C:\src\AOSP-openjdk-git\hotspot\src\share\vm\prims\jni.cpp, line 710]
Event: 1272.520 Thread 0x000000001f3cf800 Exception <a 'sun/nio/fs/WindowsException'> (0x00000000e64c58b8) thrown at [C:\src\AOSP-openjdk-git\hotspot\src\share\vm\prims\jni.cpp, line 710]
Event: 1272.520 Thread 0x000000001f3cf800 Exception <a 'sun/nio/fs/WindowsException'> (0x00000000e64c65e8) thrown at [C:\src\AOSP-openjdk-git\hotspot\src\share\vm\prims\jni.cpp, line 710]
Event: 1272.520 Thread 0x000000001f3cf800 Exception <a 'sun/nio/fs/WindowsException'> (0x00000000e64c8490) thrown at [C:\src\AOSP-openjdk-git\hotspot\src\share\vm\prims\jni.cpp, line 710]
Event: 1272.520 Thread 0x000000001f3cf800 Exception <a 'sun/nio/fs/WindowsException'> (0x00000000e64c91d0) thrown at [C:\src\AOSP-openjdk-git\hotspot\src\share\vm\prims\jni.cpp, line 710]
Event: 1272.579 Thread 0x000000002ddd8000 Exception <a 'sun/nio/fs/WindowsException'> (0x00000000e67c39c0) thrown at [C:\src\AOSP-openjdk-git\hotspot\src\share\vm\prims\jni.cpp, line 710]
Event: 1272.579 Thread 0x000000002ddd8000 Exception <a 'sun/nio/fs/WindowsException'> (0x00000000e67c3e88) thrown at [C:\src\AOSP-openjdk-git\hotspot\src\share\vm\prims\jni.cpp, line 710]

Events (10 events):
Event: 1346.063 Thread 0x000000001f3c4000 Thread added: 0x000000001f3c4000
Event: 1346.063 Thread 0x000000001f3c7000 Thread added: 0x000000001f3c7000
Event: 1346.063 Thread 0x000000001f3c8000 Thread added: 0x000000001f3c8000
Event: 1346.063 Thread 0x000000001f3c2800 Thread added: 0x000000001f3c2800
Event: 1346.063 Thread 0x000000001f3c5800 Thread added: 0x000000001f3c5800
Event: 1346.063 Thread 0x000000001f3c3800 Thread added: 0x000000001f3c3800
Event: 1346.064 Thread 0x000000001f3c6800 Thread added: 0x000000001f3c6800
Event: 1346.064 Thread 0x000000001f3c5000 Thread added: 0x000000001f3c5000
Event: 1346.064 Thread 0x000000001f3c1000 Thread added: 0x000000001f3c1000
Event: 1346.115 Thread 0x000000001f3c8800 Thread added: 0x000000001f3c8800


Dynamic libraries:
0x00007ff64d680000 - 0x00007ff64d6b1000 	E:\Download\Andriod Studio\jre\bin\java.exe
0x00007ffe98280000 - 0x00007ffe98470000 	C:\WINDOWS\SYSTEM32\ntdll.dll
0x00007ffe98100000 - 0x00007ffe981b2000 	C:\WINDOWS\System32\KERNEL32.DLL
0x00007ffe956e0000 - 0x00007ffe95985000 	C:\WINDOWS\System32\KERNELBASE.dll
0x00007ffe926b0000 - 0x00007ffe9273f000 	C:\WINDOWS\SYSTEM32\apphelp.dll
0x00007ffe97bd0000 - 0x00007ffe97c73000 	C:\WINDOWS\System32\ADVAPI32.dll
0x00007ffe97a50000 - 0x00007ffe97aee000 	C:\WINDOWS\System32\msvcrt.dll
0x00007ffe97090000 - 0x00007ffe97127000 	C:\WINDOWS\System32\sechost.dll
0x00007ffe975b0000 - 0x00007ffe976d0000 	C:\WINDOWS\System32\RPCRT4.dll
0x00007ffe97f60000 - 0x00007ffe980f4000 	C:\WINDOWS\System32\USER32.dll
0x00007ffe96170000 - 0x00007ffe96191000 	C:\WINDOWS\System32\win32u.dll
0x00007ffe96450000 - 0x00007ffe96476000 	C:\WINDOWS\System32\GDI32.dll
0x00007ffe952a0000 - 0x00007ffe95436000 	C:\WINDOWS\System32\gdi32full.dll
0x00007ffe95200000 - 0x00007ffe9529e000 	C:\WINDOWS\System32\msvcp_win.dll
0x00007ffe955c0000 - 0x00007ffe956ba000 	C:\WINDOWS\System32\ucrtbase.dll
0x00007ffe85e20000 - 0x00007ffe860a4000 	C:\WINDOWS\WinSxS\amd64_microsoft.windows.common-controls_6595b64144ccf1df_6.0.18362.1198_none_9e820b57e45ad92f\COMCTL32.dll
0x00007ffe97130000 - 0x00007ffe97465000 	C:\WINDOWS\System32\combase.dll
0x00007ffe96200000 - 0x00007ffe96280000 	C:\WINDOWS\System32\bcryptPrimitives.dll
0x00007ffe97f30000 - 0x00007ffe97f5e000 	C:\WINDOWS\System32\IMM32.DLL
0x000000006c110000 - 0x000000006c1e2000 	E:\Download\Andriod Studio\jre\jre\bin\msvcr100.dll
0x000000006cb80000 - 0x000000006d3cb000 	E:\Download\Andriod Studio\jre\jre\bin\server\jvm.dll
0x00007ffe97d80000 - 0x00007ffe97d88000 	C:\WINDOWS\System32\PSAPI.DLL
0x00007ffe821e0000 - 0x00007ffe821e9000 	C:\WINDOWS\SYSTEM32\WSOCK32.dll
0x00007ffe90e40000 - 0x00007ffe90e64000 	C:\WINDOWS\SYSTEM32\WINMM.dll
0x00007ffe97cf0000 - 0x00007ffe97d5f000 	C:\WINDOWS\System32\WS2_32.dll
0x00007ffe8b580000 - 0x00007ffe8b58a000 	C:\WINDOWS\SYSTEM32\VERSION.dll
0x00007ffe90e10000 - 0x00007ffe90e3d000 	C:\WINDOWS\SYSTEM32\winmmbase.dll
0x00007ffe95990000 - 0x00007ffe959da000 	C:\WINDOWS\System32\cfgmgr32.dll
0x00007ffe912c0000 - 0x00007ffe912cf000 	E:\Download\Andriod Studio\jre\jre\bin\verify.dll
0x00007ffe7f830000 - 0x00007ffe7f859000 	E:\Download\Andriod Studio\jre\jre\bin\java.dll
0x00007ffe82e30000 - 0x00007ffe82e46000 	E:\Download\Andriod Studio\jre\jre\bin\zip.dll
0x00007ffe969a0000 - 0x00007ffe97087000 	C:\WINDOWS\System32\SHELL32.dll
0x00007ffe968f0000 - 0x00007ffe96999000 	C:\WINDOWS\System32\shcore.dll
0x00007ffe959e0000 - 0x00007ffe96161000 	C:\WINDOWS\System32\windows.storage.dll
0x00007ffe951b0000 - 0x00007ffe951d3000 	C:\WINDOWS\System32\profapi.dll
0x00007ffe95160000 - 0x00007ffe951aa000 	C:\WINDOWS\System32\powrprof.dll
0x00007ffe95130000 - 0x00007ffe95140000 	C:\WINDOWS\System32\UMPDC.dll
0x00007ffe976d0000 - 0x00007ffe97722000 	C:\WINDOWS\System32\shlwapi.dll
0x00007ffe95140000 - 0x00007ffe95151000 	C:\WINDOWS\System32\kernel.appcore.dll
0x00007ffe956c0000 - 0x00007ffe956d7000 	C:\WINDOWS\System32\cryptsp.dll
0x00007ffe7fdb0000 - 0x00007ffe7fdca000 	E:\Download\Andriod Studio\jre\jre\bin\net.dll
0x00007ffe94980000 - 0x00007ffe949e7000 	C:\WINDOWS\system32\mswsock.dll
0x00007ffe7f410000 - 0x00007ffe7f423000 	E:\Download\Andriod Studio\jre\jre\bin\nio.dll
0x00007ffe709d0000 - 0x00007ffe709f7000 	C:\Users\levon\.gradle\native\f6784746aeab05261644944871eae4fe03e0ef1612fff0a4a95f87b438bc6780\windows-amd64\native-platform.dll
0x00007ffe912b0000 - 0x00007ffe912bd000 	E:\Download\Andriod Studio\jre\jre\bin\management.dll
0x00007ffe944f0000 - 0x00007ffe94523000 	C:\WINDOWS\system32\rsaenh.dll
0x00007ffe95440000 - 0x00007ffe95466000 	C:\WINDOWS\System32\bcrypt.dll
0x00007ffe95050000 - 0x00007ffe95075000 	C:\WINDOWS\SYSTEM32\USERENV.dll
0x00007ffe94b50000 - 0x00007ffe94b5c000 	C:\WINDOWS\SYSTEM32\CRYPTBASE.dll
0x00007ffe94690000 - 0x00007ffe946ca000 	C:\WINDOWS\SYSTEM32\IPHLPAPI.DLL
0x00007ffe97ce0000 - 0x00007ffe97ce8000 	C:\WINDOWS\System32\NSI.dll
0x00007ffe8be10000 - 0x00007ffe8be26000 	C:\WINDOWS\SYSTEM32\dhcpcsvc6.DLL
0x00007ffe8bdf0000 - 0x00007ffe8be0c000 	C:\WINDOWS\SYSTEM32\dhcpcsvc.DLL
0x00007ffe946e0000 - 0x00007ffe947ab000 	C:\WINDOWS\SYSTEM32\DNSAPI.dll
0x00007ffe8c600000 - 0x00007ffe8c60b000 	C:\WINDOWS\SYSTEM32\WINNSI.DLL

VM Arguments:
jvm_args: -Xmx2048m -Dfile.encoding=UTF-8 -Duser.country=CN -Duser.language=zh -Duser.variant 
java_command: org.gradle.launcher.daemon.bootstrap.GradleDaemon 6.5
java_class_path (initial): C:\Users\levon\.gradle\wrapper\dists\gradle-6.5-bin\6nifqtx7604sqp1q6g8wikw7p\gradle-6.5\lib\gradle-launcher-6.5.jar
Launcher Type: SUN_STANDARD

Environment Variables:
JAVA_HOME=E:\Download\JDK
CLASSPATH=.;E:\Download\JDK\lib\dt.jar;E:\Download\JDK\lib\tools.jar;
PATH=C:\Windows\system32;C:\Windows;C:\Windows\System32\Wbem;C:\Windows\System32\WindowsPowerShell\v1.0\;C:\Program Files (x86)\NVIDIA Corporation\PhysX\Common;C:\WINDOWS\system32;C:\WINDOWS;C:\WINDOWS\System32\Wbem;C:\WINDOWS\System32\WindowsPowerShell\v1.0\;E:\Download\bin;E:\Download\runtime\win64;E:\Download\Matlab\runtime\win64;E:\Download\Matlab\bin;C:\Program Files\dotnet\;C:\WINDOWS\System32\OpenSSH\;D:\Anaconda;D:\Anaconda\Scripts;D:\Anaconda\Library\bin;E:\Download\JDK\bin;E:\Download\JDK\jre\bin;E:\Download\Git\cmd;E:\Download\MPICH2\bin;E:\Download\Cmake\bin;E:\Download\mingw\bin;C:\Users\levon\AppData\Local\Microsoft\WindowsApps;
USERNAME=levon
OS=Windows_NT
PROCESSOR_IDENTIFIER=Intel64 Family 6 Model 142 Stepping 9, GenuineIntel



---------------  S Y S T E M  ---------------

OS: Windows 10.0 , 64 bit Build 18362 (10.0.18362.1110)

CPU:total 4 (initial active 4) (2 cores per cpu, 2 threads per core) family 6 model 142 stepping 9, cmov, cx8, fxsr, mmx, sse, sse2, sse3, ssse3, sse4.1, sse4.2, popcnt, avx, avx2, aes, clmul, erms, 3dnowpref, lzcnt, ht, tsc, tscinvbit, bmi1, bmi2, adx

Memory: 4k page, physical 8271244k(445720k free), swap 21378440k(5292k free)

vm_info: OpenJDK 64-Bit Server VM (25.242-b01) for windows-amd64 JRE (1.8.0_242-release-1644-b01), built by "builder" with MS VC++ 10.0 (VS2010)

time: Sun Dec 06 21:17:56 2020
timezone: 中国标准时间
elapsed time: 1346 seconds (0d 0h 22m 26s)

